C:\Users\MOHAMMAD\Documents\GitHub\StudentPortalBackEnd\StudentPortalAPI\StudentPortalClient\dist\out-tsc\app\home\home.component.js
C:\Users\MOHAMMAD\Documents\GitHub\StudentPortalBackEnd\StudentPortalAPI\StudentPortalClient\dist\out-tsc\app\home\home.component.js.map
C:\Users\MOHAMMAD\Documents\GitHub\StudentPortalBackEnd\StudentPortalAPI\StudentPortalClient\dist\out-tsc\app\app-routing.module.js
C:\Users\MOHAMMAD\Documents\GitHub\StudentPortalBackEnd\StudentPortalAPI\StudentPortalClient\dist\out-tsc\app\app-routing.module.js.map
C:\Users\MOHAMMAD\Documents\GitHub\StudentPortalBackEnd\StudentPortalAPI\StudentPortalClient\dist\out-tsc\app\app.component.js
C:\Users\MOHAMMAD\Documents\GitHub\StudentPortalBackEnd\StudentPortalAPI\StudentPortalClient\dist\out-tsc\app\app.component.js.map
C:\Users\MOHAMMAD\Documents\GitHub\StudentPortalBackEnd\StudentPortalAPI\StudentPortalClient\dist\out-tsc\app\data.service.js
C:\Users\MOHAMMAD\Documents\GitHub\StudentPortalBackEnd\StudentPortalAPI\StudentPortalClient\dist\out-tsc\app\data.service.js.map
C:\Users\MOHAMMAD\Documents\GitHub\StudentPortalBackEnd\StudentPortalAPI\StudentPortalClient\dist\out-tsc\app\menu-bar\menu-bar.component.js
C:\Users\MOHAMMAD\Documents\GitHub\StudentPortalBackEnd\StudentPortalAPI\StudentPortalClient\dist\out-tsc\app\menu-bar\menu-bar.component.js.map
C:\Users\MOHAMMAD\Documents\GitHub\StudentPortalBackEnd\StudentPortalAPI\StudentPortalClient\dist\out-tsc\app\app.module.js
C:\Users\MOHAMMAD\Documents\GitHub\StudentPortalBackEnd\StudentPortalAPI\StudentPortalClient\dist\out-tsc\app\app.module.js.map
C:\Users\MOHAMMAD\Documents\GitHub\StudentPortalBackEnd\StudentPortalAPI\StudentPortalClient\dist\out-tsc\environments\environment.js
C:\Users\MOHAMMAD\Documents\GitHub\StudentPortalBackEnd\StudentPortalAPI\StudentPortalClient\dist\out-tsc\environments\environment.js.map
C:\Users\MOHAMMAD\Documents\GitHub\StudentPortalBackEnd\StudentPortalAPI\StudentPortalClient\dist\out-tsc\main.js
C:\Users\MOHAMMAD\Documents\GitHub\StudentPortalBackEnd\StudentPortalAPI\StudentPortalClient\dist\out-tsc\main.js.map
C:\Users\MOHAMMAD\Documents\GitHub\StudentPortalBackEnd\StudentPortalAPI\StudentPortalClient\dist\out-tsc\polyfills.js
C:\Users\MOHAMMAD\Documents\GitHub\StudentPortalBackEnd\StudentPortalAPI\StudentPortalClient\dist\out-tsc\polyfills.js.map
C:\Users\MOHAMMAD\Documents\GitHub\StudentPortalBackEnd\StudentPortalAPI\StudentPortalClient\dist\out-tsc\test.js
C:\Users\MOHAMMAD\Documents\GitHub\StudentPortalBackEnd\StudentPortalAPI\StudentPortalClient\dist\out-tsc\test.js.map
C:\Users\MOHAMMAD\Documents\GitHub\StudentPortalBackEnd\StudentPortalAPI\StudentPortalClient\dist\out-tsc\app\app.component.spec.js
C:\Users\MOHAMMAD\Documents\GitHub\StudentPortalBackEnd\StudentPortalAPI\StudentPortalClient\dist\out-tsc\app\app.component.spec.js.map
C:\Users\MOHAMMAD\Documents\GitHub\StudentPortalBackEnd\StudentPortalAPI\StudentPortalClient\dist\out-tsc\app\dat-service.service.js
C:\Users\MOHAMMAD\Documents\GitHub\StudentPortalBackEnd\StudentPortalAPI\StudentPortalClient\dist\out-tsc\app\dat-service.service.js.map
C:\Users\MOHAMMAD\Documents\GitHub\StudentPortalBackEnd\StudentPortalAPI\StudentPortalClient\dist\out-tsc\app\data.service.spec.js
C:\Users\MOHAMMAD\Documents\GitHub\StudentPortalBackEnd\StudentPortalAPI\StudentPortalClient\dist\out-tsc\app\data.service.spec.js.map
C:\Users\MOHAMMAD\Documents\GitHub\StudentPortalBackEnd\StudentPortalAPI\StudentPortalClient\dist\out-tsc\app\home\home.component.spec.js
C:\Users\MOHAMMAD\Documents\GitHub\StudentPortalBackEnd\StudentPortalAPI\StudentPortalClient\dist\out-tsc\app\home\home.component.spec.js.map
C:\Users\MOHAMMAD\Documents\GitHub\StudentPortalBackEnd\StudentPortalAPI\StudentPortalClient\dist\out-tsc\app\menu-bar\menu-bar.component.spec.js
C:\Users\MOHAMMAD\Documents\GitHub\StudentPortalBackEnd\StudentPortalAPI\StudentPortalClient\dist\out-tsc\app\menu-bar\menu-bar.component.spec.js.map
C:\Users\MOHAMMAD\Documents\GitHub\StudentPortalBackEnd\StudentPortalAPI\StudentPortalClient\dist\out-tsc\environments\environment.prod.js
C:\Users\MOHAMMAD\Documents\GitHub\StudentPortalBackEnd\StudentPortalAPI\StudentPortalClient\dist\out-tsc\environments\environment.prod.js.map
